<?xml version="1.0" encoding="UTF-8"?>
<!-- Generated by org.testng.reporters.JUnitReportReporter -->
<testsuite hostname="Vijay" failures="0" tests="4" name="com.product_logistic_friegt_forwarding.Producr_Frieght_Adda_Scenarios" time="15.285" errors="0" timestamp="2023-04-05T18:25:17 IST" skipped="3">
  <testcase classname="com.product_logistic_friegt_forwarding.Producr_Frieght_Adda_Scenarios" name="verifyLoginFunctuionality" time="15.285"/>
  <system-out/>
  <testcase classname="com.product_logistic_friegt_forwarding.Producr_Frieght_Adda_Scenarios" name="verifyCreateChageUnit">
    <skipped/>
  </testcase> <!-- verifyCreateChageUnit -->
  <system-out/>
  <testcase classname="com.product_logistic_friegt_forwarding.Producr_Frieght_Adda_Scenarios" name="verifyCreateBranches">
    <skipped/>
  </testcase> <!-- verifyCreateBranches -->
  <system-out/>
  <testcase classname="com.product_logistic_friegt_forwarding.Producr_Frieght_Adda_Scenarios" name="veriyCreateChargeType">
    <skipped/>
  </testcase> <!-- veriyCreateChargeType -->
  <system-out/>
</testsuite> <!-- com.product_logistic_friegt_forwarding.Producr_Frieght_Adda_Scenarios -->
