<?xml version="1.0" encoding="UTF-8"?>
<!-- Generated by org.testng.reporters.JUnitReportReporter -->
<testsuite hostname="LAPTOP-OS77LBS0" failures="0" tests="1" name="p99soft.P99SoftTestScenarios" time="0.489" errors="0" timestamp="2023-02-08T12:52:41 IST" skipped="0">
  <testcase classname="p99soft.P99SoftTestScenarios" name="verifySuperAdminLogin" time="0.489"/>
  <system-out/>
</testsuite> <!-- p99soft.P99SoftTestScenarios -->
