<?xml version="1.0" encoding="UTF-8"?>
<!-- Generated by org.testng.reporters.JUnitReportReporter -->
<testsuite hostname="Vijay" failures="0" tests="1" name="product_friegt_basepackage.TestBase" time="6.083" errors="0" timestamp="2023-04-03T15:02:14 IST" skipped="0">
  <testcase classname="product_friegt_basepackage.TestBase" name="test" time="6.083"/>
  <system-out/>
</testsuite> <!-- product_friegt_basepackage.TestBase -->
