<?xml version="1.0" encoding="UTF-8"?>
<!-- Generated by org.testng.reporters.JUnitReportReporter -->
<testsuite hostname="LAPTOP-OS77LBS0" failures="0" tests="1" name="Com.Product_Logistics_Frieght_.Forwarding.Com.TestBase" time="0.005" errors="0" timestamp="2022-12-12T20:15:35 IST" skipped="0">
  <testcase classname="Com.Product_Logistics_Frieght_.Forwarding.Com.TestBase" name="test" time="0.005"/>
  <system-out/>
</testsuite> <!-- Com.Product_Logistics_Frieght_.Forwarding.Com.TestBase -->
