<?xml version="1.0" encoding="UTF-8"?>
<!-- Generated by org.testng.reporters.JUnitReportReporter -->
<testsuite hostname="DESKTOP-E9SKAKK" failures="0" tests="2" name="com.master_module.Test33" time="0.011" errors="0" timestamp="2023-05-17T14:16:22 IST" skipped="0">
  <testcase classname="com.master_module.Test33" name="m1" time="0.010"/>
  <system-out/>
  <testcase classname="com.master_module.Test33" name="m2" time="0.001"/>
  <system-out/>
</testsuite> <!-- com.master_module.Test33 -->
