<?xml version="1.0" encoding="UTF-8"?>
<!-- Generated by org.testng.reporters.JUnitReportReporter -->
<testsuite hostname="Vijay" failures="0" tests="1" name="com.master_module.MasterModuleTestScripts" time="28.901" errors="0" timestamp="2023-06-28T17:21:02 IST" skipped="0">
  <testcase classname="com.master_module.MasterModuleTestScripts" name="verifyAirlineCreateViewExportAsEditFilter" time="28.901"/>
  <system-out/>
</testsuite> <!-- com.master_module.MasterModuleTestScripts -->
